<?xml version="1.0" encoding="UTF-8"?>
<testng-results ignored="0" total="1" passed="1" failed="0" skipped="0">
  <reporter-output>
  </reporter-output>
  <suite started-at="2020-02-26T11:38:20 IST" name="Default suite" finished-at="2020-02-26T11:38:55 IST" duration-ms="34871">
    <groups>
    </groups>
    <test started-at="2020-02-26T11:38:20 IST" name="Default test" finished-at="2020-02-26T11:38:55 IST" duration-ms="34871">
      <class name="com.agario.testcases.CoinsTest">
        <test-method is-config="true" signature="setUpSuite()[pri:0, instance:com.agario.testcases.CoinsTest@2a266d09]" started-at="2020-02-26T11:38:20 IST" name="setUpSuite" finished-at="2020-02-26T11:38:20 IST" duration-ms="14" status="PASS">
          <reporter-output>
          </reporter-output>
        </test-method> <!-- setUpSuite -->
        <test-method is-config="true" signature="setupApplication()[pri:0, instance:com.agario.testcases.CoinsTest@2a266d09]" started-at="2020-02-26T11:38:20 IST" name="setupApplication" finished-at="2020-02-26T11:38:34 IST" duration-ms="14034" status="PASS">
          <reporter-output>
          </reporter-output>
        </test-method> <!-- setupApplication -->
        <test-method signature="agarioApp()[pri:0, instance:com.agario.testcases.CoinsTest@2a266d09]" started-at="2020-02-26T11:38:34 IST" name="agarioApp" finished-at="2020-02-26T11:38:54 IST" duration-ms="19947" status="PASS">
          <reporter-output>
          </reporter-output>
        </test-method> <!-- agarioApp -->
        <test-method is-config="true" signature="tearDownMethod(org.testng.ITestResult)[pri:0, instance:com.agario.testcases.CoinsTest@2a266d09]" started-at="2020-02-26T11:38:54 IST" name="tearDownMethod" finished-at="2020-02-26T11:38:54 IST" duration-ms="3" status="PASS">
          <params>
            <param index="0">
              <value>
                <![CDATA[[TestResult name=agarioApp status=SUCCESS method=CoinsTest.agarioApp()[pri:0, instance:com.agario.testcases.CoinsTest@2a266d09] output={null}]]]>
              </value>
            </param>
          </params>
          <reporter-output>
          </reporter-output>
        </test-method> <!-- tearDownMethod -->
        <test-method is-config="true" signature="tearDown()[pri:0, instance:com.agario.testcases.CoinsTest@2a266d09]" started-at="2020-02-26T11:38:54 IST" name="tearDown" finished-at="2020-02-26T11:38:55 IST" duration-ms="838" status="PASS">
          <reporter-output>
          </reporter-output>
        </test-method> <!-- tearDown -->
      </class> <!-- com.agario.testcases.CoinsTest -->
    </test> <!-- Default test -->
  </suite> <!-- Default suite -->
</testng-results>
